                        .——— 99
                    .——— 98
                   |    `——— 94
                .——— 93
               |   |    .——— 92
               |    `——— 90
               |        `——— 89
            .——— 88
           |   |    .——— 86
           |    `——— 85
           |       |    .——— 81
           |        `——— 80
        .——— 79
       |   |        .——— 78
       |   |    .——— 77
       |   |   |    `——— 74
       |    `——— 73
       |       |    .——— 72
       |        `——— 71
    .——— 70
   |   |            .——— 69
   |   |        .——— 67
   |   |       |    `——— 66
   |   |    .——— 65
   |   |   |   |    .——— 62
   |   |   |    `——— 60
   |   |   |       |    .——— 58
   |   |   |        `——— 56
   |    `——— 55
   |       |        .——— 53
   |       |       |    `——— 52
   |       |    .——— 51
   |       |   |    `——— 50
   |       |   |        `——— 48
   |        `——— 47
   |           |    .——— 46
   |            `——— 45
   |                `——— 42
——— 40
   |                .——— 39
   |            .——— 38
   |           |    `——— 37
   |        .——— 36
   |       |   |    .——— 35
   |       |   |   |    `——— 33
   |       |    `——— 32
   |       |        `——— 30
   |    .——— 29
   |   |   |        .——— 28
   |   |   |    .——— 26
   |   |   |   |    `——— 24
   |   |    `——— 23
   |   |       |    .——— 21
   |   |        `——— 20
    `——— 17
       |        .——— 15
       |    .——— 13
        `——— 11
           |        .——— 9
           |    .——— 8
            `——— 7
                `——— 3
                    `——— 1
                        .——— 99
                    .——— 98
                   |    `——— 94
                .——— 93
               |   |    .——— 92
               |    `——— 90
               |        `——— 89
            .——— 88
           |   |    .——— 86
           |    `——— 85
           |       |    .——— 81
           |        `——— 80
        .——— 79
       |   |        .——— 78
       |   |    .——— 77
       |   |   |    `——— 74
       |    `——— 73
       |       |    .——— 72
       |        `——— 71
    .——— 70
   |   |            .——— 69
   |   |        .——— 67
   |   |       |    `——— 66
   |   |    .——— 65
   |   |   |   |    .——— 62
   |   |   |    `——— 60
   |   |   |       |    .——— 58
   |   |   |        `——— 56
   |    `——— 55
   |       |        .——— 53
   |       |       |    `——— 52
   |       |    .——— 51
   |       |   |    `——— 50
   |       |   |        `——— 48
   |        `——— 47
   |           |    .——— 46
   |            `——— 45
   |                `——— 42
——— 40
   |                .——— 39
   |            .——— 38
   |           |    `——— 37
   |        .——— 36
   |       |   |    .——— 35
   |       |   |   |    `——— 33
   |       |    `——— 32
   |       |        `——— 30
   |    .——— 29
   |   |   |        .——— 28
   |   |   |    .——— 26
   |   |   |   |    `——— 24
   |   |    `——— 23
   |   |       |    .——— 21
   |   |        `——— 20
    `——— 17
       |        .——— 15
       |    .——— 13
        `——— 11
           |        .——— 9
           |    .——— 8
            `——— 7
                `——— 1
