===============================================================
||                       testInsertInt                        ||
===============================================================
======================== FT ==========================
124 100 115 130 120 111 119 117 113 111 109 126 101 117 122 125 128 129 124 129 113 129 125 124 130 106 114 106 130 120 127 115 124 
===================== capacity =======================
max  = 4611686018427387903
size = 33
cap  = 64
======================================================

======================== STD =========================
124 100 115 130 120 111 119 117 113 111 109 126 101 117 122 125 128 129 124 129 113 129 125 124 130 106 114 106 130 120 127 115 124 
===================== capacity =======================
max  = 4611686018427387903
size = 33
cap  = 64
======================================================

                         size : true
                     capacity : true
                        val 1 : true
                        val 2 : true
///////////////////////////////////////////////////////////////
cop End
                         size : true
                     capacity : true
                        val 1 : true
                        val 2 : true
///////////////////////////////////////////////////////////////
positon : 10
cop End
                         size : true
                     capacity : true
                        val 1 : true
                        val 2 : true
///////////////////////////////////////////////////////////////
                         size : true
                     capacity : true
                        val 1 : true
                        val 2 : true
===============================================================
||                     testInsertInt End                      ||
===============================================================
===============================================================
||                      testInsertCourt                       ||
===============================================================
--------------------------
std::fillVector
--------------------------
-----------------------------------------------------------------------
-----------------------------------------------------------------------
-----------------------------------------------------------------------
-----------------------------------------------------------------------
-----------------------------------------------------------------------
-----------------------------------------------------------------------
-----------------------------------------------------------------------
-----------------------------------------------------------------------
-----------------------------------------------------------------------
-----------------------------------------------------------------------
-----------------------------------------------------------------------
-----------------------------------------------------------------------
-----------------------------------------------------------------------
-----------------------------------------------------------------------
-----------------------------------------------------------------------
-----------------------------------------------------------------------
-----------------------------------------------------------------------
-----------------------------------------------------------------------
-----------------------------------------------------------------------
-----------------------------------------------------------------------
-----------------------------------------------------------------------
-----------------------------------------------------------------------
-----------------------------------------------------------------------
-----------------------------------------------------------------------
-----------------------------------------------------------------------
-----------------------------------------------------------------------
-----------------------------------------------------------------------
-----------------------------------------------------------------------
-----------------------------------------------------------------------
-----------------------------------------------------------------------
-----------------------------------------------------------------------
-----------------------------------------------------------------------
-----------------------------------------------------------------------
-----------------------------------------------------------------------
-----------------------------------------------------------------------
-----------------------------------------------------------------------
-----------------------------------------------------------------------
-----------------------------------------------------------------------
-----------------------------------------------------------------------
-----------------------------------------------------------------------
-----------------------------------------------------------------------
-----------------------------------------------------------------------
-----------------------------------------------------------------------
-----------------------------------------------------------------------
-----------------------------------------------------------------------
-----------------------------------------------------------------------
-----------------------------------------------------------------------
-----------------------------------------------------------------------
-----------------------------------------------------------------------
-----------------------------------------------------------------------
-----------------------------------------------------------------------
-----------------------------------------------------------------------
-----------------------------------------------------------------------
-----------------------------------------------------------------------
-----------------------------------------------------------------------
-----------------------------------------------------------------------
-----------------------------------------------------------------------
-----------------------------------------------------------------------
-----------------------------------------------------------------------
-----------------------------------------------------------------------
-----------------------------------------------------------------------
-----------------------------------------------------------------------
-----------------------------------------------------------------------
-----------------------------------------------------------------------
-----------------------------------------------------------------------
-----------------------------------------------------------------------
--------------------------
std::fillVector End
--------------------------
======================== STD =========================
|name 23| |name 21| |name 23| |name 6| |name 11| |name 15| |name 11| |name 19| |name 15| |name 4| |name 3| |name 1| |name 23| |name 11| |name 21| |name 15| |name 19| |name 8| |name 9| |name 16| |name 12| |name 12| |name 13| |name 15| |name 2| |name 7| |name 10| |name 23| |name 10| |name 23| |name 24| |name 4| |name 19| 
===================== capacity =======================
max  = 576460752303423487
size = 33
cap  = 33
======================================================

======================== STD =========================
|name 23| |name 21| |name 23| |name 6| |name 11| |name 15| |name 11| |name 19| |name 15| |name 4| |name 3| |name 1| |name 23| |name 11| |name 21| |name 15| |name 19| |name 8| |name 9| |name 16| |name 12| |name 12| |name 13| |name 15| |name 2| |name 7| |name 10| |name 23| |name 10| |name 23| |name 24| |name 4| |name 19| 
===================== capacity =======================
max  = 576460752303423487
size = 33
cap  = 64
======================================================

                         size : true
                     capacity : false
                        val 1 : true
                        val 2 : true
///////////////////////////////////////////////////////////////
///////////////////////////////////////////////////////////////
///////////////////////////////////////////////////////////////
///////////////////////////////////////////////////////////////
///////////////////////////////////////////////////////////////
                         size : true
                     capacity : false
                        val 1 : true
                        val 2 : true
======================== STD =========================
first |name 23| |name 21| |name 23| |name 6| |name 11| |name 15| |name 11| |name 19| |name 15| |name 4| |name 3| |name 1| |name 23| |name 11| |name 21| |name 15| |name 19| |name 8| |name 9| |name 16| |name 12| |name 12| |name 13| |name 15| |name 2| |name 7| |name 10| |name 23| |name 10| |name 23| |name 24| |name 4| |name 19| 
===================== capacity =======================
max  = 576460752303423487
size = 34
cap  = 66
======================================================

======================== STD =========================
first |name 23| |name 21| |name 23| |name 6| |name 11| |name 15| |name 11| |name 19| |name 15| |name 4| |name 3| |name 1| |name 23| |name 11| |name 21| |name 15| |name 19| |name 8| |name 9| |name 16| |name 12| |name 12| |name 13| |name 15| |name 2| |name 7| |name 10| |name 23| |name 10| |name 23| |name 24| |name 4| |name 19| 
===================== capacity =======================
max  = 576460752303423487
size = 34
cap  = 64
======================================================

///////////////////////////////////////////////////////////////
///////////////////////////////////////////////////////////////
///////////////////////////////////////////////////////////////
///////////////////////////////////////////////////////////////
///////////////////////////////////////////////////////////////
                         size : true
                     capacity : false
                        val 1 : true
                        val 2 : true
======================== STD =========================
first |name 23| |name 21| |name 23| |name 6| |name 11| |name 15| |name 11| |name 19| |name 15| middle |name 4| |name 3| |name 1| |name 23| |name 11| |name 21| |name 15| |name 19| |name 8| |name 9| |name 16| |name 12| |name 12| |name 13| |name 15| |name 2| |name 7| |name 10| |name 23| |name 10| |name 23| |name 24| |name 4| |name 19| 
===================== capacity =======================
max  = 576460752303423487
size = 35
cap  = 66
======================================================

======================== STD =========================
first |name 23| |name 21| |name 23| |name 6| |name 11| |name 15| |name 11| |name 19| |name 15| middle |name 4| |name 3| |name 1| |name 23| |name 11| |name 21| |name 15| |name 19| |name 8| |name 9| |name 16| |name 12| |name 12| |name 13| |name 15| |name 2| |name 7| |name 10| |name 23| |name 10| |name 23| |name 24| |name 4| |name 19| 
===================== capacity =======================
max  = 576460752303423487
size = 35
cap  = 64
======================================================

///////////////////////////////////////////////////////////////
///////////////////////////////////////////////////////////////
///////////////////////////////////////////////////////////////
///////////////////////////////////////////////////////////////
///////////////////////////////////////////////////////////////
                         size : true
                     capacity : false
                        val 1 : true
                        val 2 : true
======================== STD =========================
first |name 23| |name 21| |name 23| |name 6| |name 11| |name 15| |name 11| |name 19| |name 15| middle |name 4| |name 3| |name 1| |name 23| |name 11| |name 21| |name 15| |name 19| |name 8| |name 9| |name 16| |name 12| |name 12| |name 13| |name 15| |name 2| |name 7| |name 10| |name 23| |name 10| |name 23| |name 24| |name 4| |name 19| end 
===================== capacity =======================
max  = 576460752303423487
size = 36
cap  = 66
======================================================

======================== STD =========================
first |name 23| |name 21| |name 23| |name 6| |name 11| |name 15| |name 11| |name 19| |name 15| middle |name 4| |name 3| |name 1| |name 23| |name 11| |name 21| |name 15| |name 19| |name 8| |name 9| |name 16| |name 12| |name 12| |name 13| |name 15| |name 2| |name 7| |name 10| |name 23| |name 10| |name 23| |name 24| |name 4| |name 19| end 
===================== capacity =======================
max  = 576460752303423487
size = 36
cap  = 64
======================================================

===============================================================
||                    testInsertCourt End                     ||
===============================================================
===============================================================
||                       testInsertIntn                       ||
===============================================================
======================== FT ==========================
125 127 115 124 128 108 120 116 105 130 121 117 119 121 130 115 131 111 108 107 104 127 111 130 132 100 113 131 114 106 127 123 105 
===================== capacity =======================
max  = 4611686018427387903
size = 33
cap  = 64
======================================================

======================== STD =========================
125 127 115 124 128 108 120 116 105 130 121 117 119 121 130 115 131 111 108 107 104 127 111 130 132 100 113 131 114 106 127 123 105 
===================== capacity =======================
max  = 4611686018427387903
size = 33
cap  = 64
======================================================

                         size : true
                     capacity : true
                        val 1 : true
                        val 2 : true
///////////////////////////////////////////////////////////////
                         size : true
                     capacity : true
                        val 1 : false
                        val 2 : false
///////////////////////////////////////////////////////////////
                         size : true
                     capacity : true
                        val 1 : false
                        val 2 : false
///////////////////////////////////////////////////////////////
                         size : true
                     capacity : true
                        val 1 : false
                        val 2 : false
===============================================================
||                     testInsertIntn End                     ||
===============================================================
===============================================================
||                      testInsertCourtn                      ||
===============================================================
--------------------------
std::fillVector
--------------------------
-----------------------------------------------------------------------
-----------------------------------------------------------------------
-----------------------------------------------------------------------
-----------------------------------------------------------------------
-----------------------------------------------------------------------
-----------------------------------------------------------------------
-----------------------------------------------------------------------
-----------------------------------------------------------------------
-----------------------------------------------------------------------
-----------------------------------------------------------------------
-----------------------------------------------------------------------
-----------------------------------------------------------------------
-----------------------------------------------------------------------
-----------------------------------------------------------------------
-----------------------------------------------------------------------
-----------------------------------------------------------------------
-----------------------------------------------------------------------
-----------------------------------------------------------------------
-----------------------------------------------------------------------
-----------------------------------------------------------------------
-----------------------------------------------------------------------
-----------------------------------------------------------------------
-----------------------------------------------------------------------
-----------------------------------------------------------------------
-----------------------------------------------------------------------
-----------------------------------------------------------------------
-----------------------------------------------------------------------
-----------------------------------------------------------------------
-----------------------------------------------------------------------
-----------------------------------------------------------------------
-----------------------------------------------------------------------
-----------------------------------------------------------------------
-----------------------------------------------------------------------
-----------------------------------------------------------------------
-----------------------------------------------------------------------
-----------------------------------------------------------------------
-----------------------------------------------------------------------
-----------------------------------------------------------------------
-----------------------------------------------------------------------
-----------------------------------------------------------------------
-----------------------------------------------------------------------
-----------------------------------------------------------------------
-----------------------------------------------------------------------
-----------------------------------------------------------------------
-----------------------------------------------------------------------
-----------------------------------------------------------------------
-----------------------------------------------------------------------
-----------------------------------------------------------------------
-----------------------------------------------------------------------
-----------------------------------------------------------------------
-----------------------------------------------------------------------
-----------------------------------------------------------------------
-----------------------------------------------------------------------
-----------------------------------------------------------------------
-----------------------------------------------------------------------
-----------------------------------------------------------------------
-----------------------------------------------------------------------
-----------------------------------------------------------------------
-----------------------------------------------------------------------
-----------------------------------------------------------------------
-----------------------------------------------------------------------
-----------------------------------------------------------------------
-----------------------------------------------------------------------
-----------------------------------------------------------------------
-----------------------------------------------------------------------
-----------------------------------------------------------------------
--------------------------
std::fillVector End
--------------------------
======================== STD =========================
|name 10| |name 1| |name 4| |name 13| |name 17| |name 11| |name 10| |name 16| |name 19| |name 7| |name 17| |name 13| |name 16| |name 0| |name 14| |name 11| |name 9| |name 11| |name 11| |name 12| |name 5| |name 11| |name 21| |name 7| |name 24| |name 15| |name 11| |name 4| |name 23| |name 12| |name 23| |name 23| |name 15| 
===================== capacity =======================
max  = 576460752303423487
size = 33
cap  = 33
======================================================

======================== STD =========================
|name 10| |name 1| |name 4| |name 13| |name 17| |name 11| |name 10| |name 16| |name 19| |name 7| |name 17| |name 13| |name 16| |name 0| |name 14| |name 11| |name 9| |name 11| |name 11| |name 12| |name 5| |name 11| |name 21| |name 7| |name 24| |name 15| |name 11| |name 4| |name 23| |name 12| |name 23| |name 23| |name 15| 
===================== capacity =======================
max  = 576460752303423487
size = 33
cap  = 64
======================================================

                         size : true
                     capacity : false
                        val 1 : true
                        val 2 : true
///////////////////////////////////////////////////////////////
n = 3
                         size : true
                     capacity : false
                        val 1 : true
                        val 2 : true
======================== STD =========================
first first first |name 10| |name 1| |name 4| |name 13| |name 17| |name 11| |name 10| |name 16| |name 19| |name 7| |name 17| |name 13| |name 16| |name 0| |name 14| |name 11| |name 9| |name 11| |name 11| |name 12| |name 5| |name 11| |name 21| |name 7| |name 24| |name 15| |name 11| |name 4| |name 23| |name 12| |name 23| |name 23| |name 15| 
===================== capacity =======================
max  = 576460752303423487
size = 36
cap  = 66
======================================================

======================== STD =========================
first first first |name 10| |name 1| |name 4| |name 13| |name 17| |name 11| |name 10| |name 16| |name 19| |name 7| |name 17| |name 13| |name 16| |name 0| |name 14| |name 11| |name 9| |name 11| |name 11| |name 12| |name 5| |name 11| |name 21| |name 7| |name 24| |name 15| |name 11| |name 4| |name 23| |name 12| |name 23| |name 23| |name 15| 
===================== capacity =======================
max  = 576460752303423487
size = 36
cap  = 64
======================================================

///////////////////////////////////////////////////////////////
n = 1
                         size : true
                     capacity : false
                        val 1 : true
                        val 2 : true
======================== STD =========================
first first first |name 10| |name 1| |name 4| |name 13| |name 17| |name 11| |name 10| middle |name 16| |name 19| |name 7| |name 17| |name 13| |name 16| |name 0| |name 14| |name 11| |name 9| |name 11| |name 11| |name 12| |name 5| |name 11| |name 21| |name 7| |name 24| |name 15| |name 11| |name 4| |name 23| |name 12| |name 23| |name 23| |name 15| 
===================== capacity =======================
max  = 576460752303423487
size = 37
cap  = 66
======================================================

======================== STD =========================
first first first |name 10| |name 1| |name 4| |name 13| |name 17| |name 11| |name 10| middle |name 16| |name 19| |name 7| |name 17| |name 13| |name 16| |name 0| |name 14| |name 11| |name 9| |name 11| |name 11| |name 12| |name 5| |name 11| |name 21| |name 7| |name 24| |name 15| |name 11| |name 4| |name 23| |name 12| |name 23| |name 23| |name 15| 
===================== capacity =======================
max  = 576460752303423487
size = 37
cap  = 64
======================================================

///////////////////////////////////////////////////////////////
n = 4
                         size : true
                     capacity : false
                        val 1 : false
                        val 2 : false
======================== STD =========================
first first first |name 10| |name 1| |name 4| |name 13| |name 17| |name 11| |name 10| middle |name 16| |name 19| |name 7| |name 17| |name 13| |name 16| |name 0| |name 14| |name 11| |name 9| |name 11| |name 11| |name 12| |name 5| |name 11| |name 21| |name 7| |name 24| |name 15| |name 11| |name 4| |name 23| |name 12| |name 23| |name 23| |name 15| last last last last 
===================== capacity =======================
max  = 576460752303423487
size = 41
cap  = 66
======================================================

======================== STD =========================
first first first |name 10| |name 1| |name 4| |name 13| |name 17| |name 11| |name 10| middle |name 16| |name 19| |name 7| |name 17| |name 13| |name 16| |name 0| |name 14| |name 11| |name 9| |name 11| |name 11| |name 12| |name 5| |name 11| |name 21| |name 7| |name 24| |name 15| |name 11| |name 4| |name 23| |name 12| |name 23| |name 23| |name 15| middle middle middle middle 
===================== capacity =======================
max  = 576460752303423487
size = 41
cap  = 64
======================================================

===============================================================
||                    testInsertCourtn End                    ||
===============================================================
===============================================================
||                     testInsertIntIter                      ||
===============================================================
======================== FT ==========================
130 112 112 112 120 117 130 125 124 125 112 119 126 127 122 112 106 110 125 127 128 108 119 129 130 130 105 101 103 122 102 121 113 
===================== capacity =======================
max  = 4611686018427387903
size = 33
cap  = 64
======================================================

======================== STD =========================
130 112 112 112 120 117 130 125 124 125 112 119 126 127 122 112 106 110 125 127 128 108 119 129 130 130 105 101 103 122 102 121 113 
===================== capacity =======================
max  = 4611686018427387903
size = 33
cap  = 64
======================================================

                         size : true
                     capacity : true
                        val 1 : true
                        val 2 : true
///////////////////////////////////////////////////////////////
                         size : true
                     capacity : true
                        val 1 : false
                        val 2 : false
///////////////////////////////////////////////////////////////
                         size : true
                     capacity : true
                        val 1 : false
                        val 2 : false
///////////////////////////////////////////////////////////////
                         size : true
                     capacity : true
                        val 1 : false
                        val 2 : false
===============================================================
||                   testInsertIntIter End                    ||
===============================================================
===============================================================
||                    testInsertCourtIter                     ||
===============================================================
--------------------------
std::fillVector
--------------------------
-----------------------------------------------------------------------
-----------------------------------------------------------------------
-----------------------------------------------------------------------
-----------------------------------------------------------------------
-----------------------------------------------------------------------
-----------------------------------------------------------------------
-----------------------------------------------------------------------
-----------------------------------------------------------------------
-----------------------------------------------------------------------
-----------------------------------------------------------------------
-----------------------------------------------------------------------
-----------------------------------------------------------------------
-----------------------------------------------------------------------
-----------------------------------------------------------------------
-----------------------------------------------------------------------
-----------------------------------------------------------------------
-----------------------------------------------------------------------
-----------------------------------------------------------------------
-----------------------------------------------------------------------
-----------------------------------------------------------------------
--------------------------
std::fillVector End
--------------------------
--------------------------
std::fillVector
--------------------------
-----------------------------------------------------------------------
-----------------------------------------------------------------------
-----------------------------------------------------------------------
-----------------------------------------------------------------------
-----------------------------------------------------------------------
-----------------------------------------------------------------------
-----------------------------------------------------------------------
-----------------------------------------------------------------------
-----------------------------------------------------------------------
-----------------------------------------------------------------------
-----------------------------------------------------------------------
-----------------------------------------------------------------------
-----------------------------------------------------------------------
-----------------------------------------------------------------------
-----------------------------------------------------------------------
-----------------------------------------------------------------------
-----------------------------------------------------------------------
-----------------------------------------------------------------------
-----------------------------------------------------------------------
-----------------------------------------------------------------------
-----------------------------------------------------------------------
-----------------------------------------------------------------------
-----------------------------------------------------------------------
-----------------------------------------------------------------------
-----------------------------------------------------------------------
-----------------------------------------------------------------------
-----------------------------------------------------------------------
-----------------------------------------------------------------------
-----------------------------------------------------------------------
-----------------------------------------------------------------------
-----------------------------------------------------------------------
-----------------------------------------------------------------------
-----------------------------------------------------------------------
-----------------------------------------------------------------------
-----------------------------------------------------------------------
-----------------------------------------------------------------------
-----------------------------------------------------------------------
-----------------------------------------------------------------------
-----------------------------------------------------------------------
-----------------------------------------------------------------------
-----------------------------------------------------------------------
-----------------------------------------------------------------------
-----------------------------------------------------------------------
-----------------------------------------------------------------------
-----------------------------------------------------------------------
-----------------------------------------------------------------------
-----------------------------------------------------------------------
-----------------------------------------------------------------------
-----------------------------------------------------------------------
-----------------------------------------------------------------------
-----------------------------------------------------------------------
-----------------------------------------------------------------------
-----------------------------------------------------------------------
-----------------------------------------------------------------------
-----------------------------------------------------------------------
-----------------------------------------------------------------------
-----------------------------------------------------------------------
-----------------------------------------------------------------------
-----------------------------------------------------------------------
-----------------------------------------------------------------------
-----------------------------------------------------------------------
-----------------------------------------------------------------------
-----------------------------------------------------------------------
-----------------------------------------------------------------------
-----------------------------------------------------------------------
-----------------------------------------------------------------------
--------------------------
std::fillVector End
--------------------------
======================== STD =========================
|name 12| |name 5| |name 23| |name 22| |name 24| |name 6| |name 17| |name 22| |name 15| |name 17| |name 11| |name 13| |name 17| |name 8| |name 12| |name 2| |name 23| |name 20| |name 9| |name 15| |name 15| |name 0| |name 2| |name 16| |name 0| |name 14| |name 15| |name 21| |name 17| |name 12| |name 25| |name 4| |name 2| 
===================== capacity =======================
max  = 576460752303423487
size = 33
cap  = 33
======================================================

======================== STD =========================
|name 12| |name 5| |name 23| |name 22| |name 24| |name 6| |name 17| |name 22| |name 15| |name 17| |name 11| |name 13| |name 17| |name 8| |name 12| |name 2| |name 23| |name 20| |name 9| |name 15| |name 15| |name 0| |name 2| |name 16| |name 0| |name 14| |name 15| |name 21| |name 17| |name 12| |name 25| |name 4| |name 2| 
===================== capacity =======================
max  = 576460752303423487
size = 33
cap  = 64
======================================================

                         size : true
                     capacity : false
                        val 1 : true
                        val 2 : true
///////////////////////////////////////////////////////////////
6 8
                         size : true
                     capacity : false
                        val 1 : true
                        val 2 : true
======================== STD =========================
|name 11| |name 8| |name 12| |name 5| |name 23| |name 22| |name 24| |name 6| |name 17| |name 22| |name 15| |name 17| |name 11| |name 13| |name 17| |name 8| |name 12| |name 2| |name 23| |name 20| |name 9| |name 15| |name 15| |name 0| |name 2| |name 16| |name 0| |name 14| |name 15| |name 21| |name 17| |name 12| |name 25| |name 4| |name 2| 
===================== capacity =======================
max  = 576460752303423487
size = 35
cap  = 66
======================================================

======================== STD =========================
|name 11| |name 8| |name 12| |name 5| |name 23| |name 22| |name 24| |name 6| |name 17| |name 22| |name 15| |name 17| |name 11| |name 13| |name 17| |name 8| |name 12| |name 2| |name 23| |name 20| |name 9| |name 15| |name 15| |name 0| |name 2| |name 16| |name 0| |name 14| |name 15| |name 21| |name 17| |name 12| |name 25| |name 4| |name 2| 
===================== capacity =======================
max  = 576460752303423487
size = 35
cap  = 64
======================================================

///////////////////////////////////////////////////////////////
3 3
                         size : true
                     capacity : false
                        val 1 : true
                        val 2 : true
======================== STD =========================
|name 11| |name 8| |name 12| |name 5| |name 23| |name 22| |name 24| |name 6| |name 17| |name 22| |name 15| |name 17| |name 11| |name 13| |name 17| |name 8| |name 12| |name 2| |name 23| |name 20| |name 9| |name 15| |name 15| |name 0| |name 2| |name 16| |name 0| |name 14| |name 15| |name 21| |name 17| |name 12| |name 25| |name 4| |name 2| 
===================== capacity =======================
max  = 576460752303423487
size = 35
cap  = 66
======================================================

======================== STD =========================
|name 11| |name 8| |name 12| |name 5| |name 23| |name 22| |name 24| |name 6| |name 17| |name 22| |name 15| |name 17| |name 11| |name 13| |name 17| |name 8| |name 12| |name 2| |name 23| |name 20| |name 9| |name 15| |name 15| |name 0| |name 2| |name 16| |name 0| |name 14| |name 15| |name 21| |name 17| |name 12| |name 25| |name 4| |name 2| 
===================== capacity =======================
max  = 576460752303423487
size = 35
cap  = 64
======================================================

///////////////////////////////////////////////////////////////
4 5
                         size : true
                     capacity : false
                        val 1 : true
                        val 2 : true
======================== STD =========================
|name 11| |name 8| |name 12| |name 5| |name 23| |name 22| |name 24| |name 6| |name 17| |name 22| |name 15| |name 17| |name 11| |name 13| |name 17| |name 8| |name 12| |name 2| |name 23| |name 20| |name 9| |name 15| |name 15| |name 0| |name 2| |name 16| |name 0| |name 14| |name 15| |name 21| |name 17| |name 12| |name 25| |name 4| |name 2| |name 24| 
===================== capacity =======================
max  = 576460752303423487
size = 36
cap  = 66
======================================================

======================== STD =========================
|name 11| |name 8| |name 12| |name 5| |name 23| |name 22| |name 24| |name 6| |name 17| |name 22| |name 15| |name 17| |name 11| |name 13| |name 17| |name 8| |name 12| |name 2| |name 23| |name 20| |name 9| |name 15| |name 15| |name 0| |name 2| |name 16| |name 0| |name 14| |name 15| |name 21| |name 17| |name 12| |name 25| |name 4| |name 2| |name 24| 
===================== capacity =======================
max  = 576460752303423487
size = 36
cap  = 64
======================================================

===============================================================
||                  testInsertCourtIter End                   ||
===============================================================
