7 36 29 40 79 11 39 70 23 65 65 35 74 90 69 37 74 20 40 79 8 37 46 80 62 32 24 11 17 46 40 55 26 66 77 35 53 13 88 86 78 11 39 80 29 67 99 51 60 47 29 29 53 93 73 24 29 70 45 3 45 80 86 21 24 92 56 85 8 50 98 81 38 53 71 58 72 30 15 45 52 9 8 20 1 62 66 48 65 90 33 42 77 32 89 69 94 28 24 39 
======================================================================================================================
                        .——— 99
                    .——— 98
                   |    `——— 94
                .——— 93
               |   |    .——— 92
               |    `——— 90
               |        `——— 89
            .——— 88
           |   |    .——— 86
           |    `——— 85
           |       |    .——— 81
           |        `——— 80
        .——— 79
       |   |        .——— 78
       |   |    .——— 77
       |    `——— 74
       |       |    .——— 73
       |        `——— 72
       |            `——— 71
    .——— 70
   |   |            .——— 69
   |   |        .——— 67
   |   |       |    `——— 66
   |   |    .——— 65
   |   |   |   |    .——— 62
   |   |   |    `——— 60
   |   |   |       |    .——— 58
   |   |   |        `——— 56
   |    `——— 55
   |       |        .——— 53
   |       |       |    `——— 52
   |       |    .——— 51
   |       |   |    `——— 50
   |        `——— 48
   |           |    .——— 47
   |            `——— 46
   |                `——— 45
   |                    `——— 42
——— 40
   |            .——— 39
   |        .——— 38
   |       |    `——— 37
   |    .——— 36
   |   |   |    .——— 35
   |   |   |   |    `——— 33
   |   |    `——— 32
   |   |        `——— 30
    `——— 29
       |            .——— 28
       |        .——— 26
       |       |    `——— 24
       |    .——— 23
       |   |   |    .——— 21
       |   |    `——— 20
        `——— 17
           |        .——— 15
           |    .——— 13
            `——— 11
               |        .——— 9
               |    .——— 8
                `——— 7
                    `——— 3
                        `——— 1
======================================================================================================================

